<?xml version="1.0" encoding="UTF-8"?>
<!-- Generated by org.testng.reporters.JUnitReportReporter -->
<testsuite hostname="DESKTOP-KPQJQ28" failures="0" tests="1" name="Sample_Project.Sample_Project.ReadingDatafromCMD" time="0.017" errors="0" timestamp="09 May 2022 07:43:01 GMT" skipped="0">
  <testcase classname="Sample_Project.Sample_Project.ReadingDatafromCMD" name="readingdatafromcmd" time="0.017"/>
</testsuite> <!-- Sample_Project.Sample_Project.ReadingDatafromCMD -->
